20055 1742127026.683045 execve("/home/akira/.nvm/versions/node/v18.16.0/bin/npm", ["npm", "install"], 0x7ffe7e020190 /* 66 vars */) = 0
20055 1742127026.688591 execve("/home/akira/.zplug/bin/node", ["node", "/home/akira/.nvm/versions/node/v18.16.0/bin/npm", "install"], 0x7ffdbbf10ae0 /* 66 vars */) = -1 ENOENT (No such file or directory)
20055 1742127026.688915 execve("/home/akira/.krew/bin/node", ["node", "/home/akira/.nvm/versions/node/v18.16.0/bin/npm", "install"], 0x7ffdbbf10ae0 /* 66 vars */) = -1 ENOENT (No such file or directory)
20055 1742127026.689102 execve("/home/akira/.pyenv/bin/node", ["node", "/home/akira/.nvm/versions/node/v18.16.0/bin/npm", "install"], 0x7ffdbbf10ae0 /* 66 vars */) = -1 ENOENT (No such file or directory)
20055 1742127026.689279 execve("/home/akira/.go/bin/node", ["node", "/home/akira/.nvm/versions/node/v18.16.0/bin/npm", "install"], 0x7ffdbbf10ae0 /* 66 vars */) = -1 ENOENT (No such file or directory)
20055 1742127026.689441 execve("/home/akira/.fzf/bin/node", ["node", "/home/akira/.nvm/versions/node/v18.16.0/bin/npm", "install"], 0x7ffdbbf10ae0 /* 66 vars */) = -1 ENOENT (No such file or directory)
20055 1742127026.689602 execve("/home/akira/.gem/ruby/2.7.0/bin/node", ["node", "/home/akira/.nvm/versions/node/v18.16.0/bin/npm", "install"], 0x7ffdbbf10ae0 /* 66 vars */) = -1 ENOENT (No such file or directory)
20055 1742127026.689769 execve("/home/akira/.cargo/bin/node", ["node", "/home/akira/.nvm/versions/node/v18.16.0/bin/npm", "install"], 0x7ffdbbf10ae0 /* 66 vars */) = -1 ENOENT (No such file or directory)
20055 1742127026.689937 execve("/home/akira/tools/node", ["node", "/home/akira/.nvm/versions/node/v18.16.0/bin/npm", "install"], 0x7ffdbbf10ae0 /* 66 vars */) = -1 ENOENT (No such file or directory)
20055 1742127026.690131 execve("/home/akira/public-tools/node", ["node", "/home/akira/.nvm/versions/node/v18.16.0/bin/npm", "install"], 0x7ffdbbf10ae0 /* 66 vars */) = -1 ENOENT (No such file or directory)
20055 1742127026.690327 execve("/home/akira/.local/sbin/node", ["node", "/home/akira/.nvm/versions/node/v18.16.0/bin/npm", "install"], 0x7ffdbbf10ae0 /* 66 vars */) = -1 ENOENT (No such file or directory)
20055 1742127026.690483 execve("/home/akira/.local/bin/node", ["node", "/home/akira/.nvm/versions/node/v18.16.0/bin/npm", "install"], 0x7ffdbbf10ae0 /* 66 vars */) = -1 ENOENT (No such file or directory)
20055 1742127026.690683 execve("/home/akira/.cabal/bin/node", ["node", "/home/akira/.nvm/versions/node/v18.16.0/bin/npm", "install"], 0x7ffdbbf10ae0 /* 66 vars */) = -1 ENOENT (No such file or directory)
20055 1742127026.690863 execve("/var/lib/snapd/snap/bin/node", ["node", "/home/akira/.nvm/versions/node/v18.16.0/bin/npm", "install"], 0x7ffdbbf10ae0 /* 66 vars */) = -1 ENOENT (No such file or directory)
20055 1742127026.691061 execve("/home/akira/.nvm/versions/node/v18.16.0/bin/node", ["node", "/home/akira/.nvm/versions/node/v18.16.0/bin/npm", "install"], 0x7ffdbbf10ae0 /* 66 vars */) = 0
20055 1742127028.964656 --- SIGWINCH {si_signo=SIGWINCH, si_code=SI_KERNEL} ---
21115 1742127032.360582 execve("/home/akira/ghq/github.com/akawashiro/straceprof/straceprof-js/node_modules/esbuild/node_modules/.bin/sh", ["sh", "-c", "node install.js"], 0x1f7f0fa0 /* 97 vars */) = -1 ENOENT (No such file or directory)
21115 1742127032.360827 execve("/home/akira/ghq/github.com/akawashiro/straceprof/straceprof-js/node_modules/node_modules/.bin/sh", ["sh", "-c", "node install.js"], 0x1f7f0fa0 /* 97 vars */) = -1 ENOENT (No such file or directory)
21115 1742127032.361006 execve("/home/akira/ghq/github.com/akawashiro/straceprof/straceprof-js/node_modules/.bin/sh", ["sh", "-c", "node install.js"], 0x1f7f0fa0 /* 97 vars */) = -1 ENOENT (No such file or directory)
21115 1742127032.361161 execve("/home/akira/ghq/github.com/akawashiro/straceprof/node_modules/.bin/sh", ["sh", "-c", "node install.js"], 0x1f7f0fa0 /* 97 vars */) = -1 ENOENT (No such file or directory)
21115 1742127032.361312 execve("/home/akira/ghq/github.com/akawashiro/node_modules/.bin/sh", ["sh", "-c", "node install.js"], 0x1f7f0fa0 /* 97 vars */) = -1 ENOENT (No such file or directory)
21115 1742127032.361475 execve("/home/akira/ghq/github.com/node_modules/.bin/sh", ["sh", "-c", "node install.js"], 0x1f7f0fa0 /* 97 vars */) = -1 ENOENT (No such file or directory)
21115 1742127032.361674 execve("/home/akira/ghq/node_modules/.bin/sh", ["sh", "-c", "node install.js"], 0x1f7f0fa0 /* 97 vars */) = -1 ENOENT (No such file or directory)
21115 1742127032.361861 execve("/home/akira/node_modules/.bin/sh", ["sh", "-c", "node install.js"], 0x1f7f0fa0 /* 97 vars */) = -1 ENOENT (No such file or directory)
21115 1742127032.362022 execve("/home/node_modules/.bin/sh", ["sh", "-c", "node install.js"], 0x1f7f0fa0 /* 97 vars */) = -1 ENOENT (No such file or directory)
21115 1742127032.362171 execve("/node_modules/.bin/sh", ["sh", "-c", "node install.js"], 0x1f7f0fa0 /* 97 vars */) = -1 ENOENT (No such file or directory)
21115 1742127032.362318 execve("/home/akira/.nvm/versions/node/v18.16.0/lib/node_modules/npm/node_modules/@npmcli/run-script/lib/node-gyp-bin/sh", ["sh", "-c", "node install.js"], 0x1f7f0fa0 /* 97 vars */) = -1 ENOENT (No such file or directory)
21115 1742127032.362465 execve("/home/akira/.zplug/bin/sh", ["sh", "-c", "node install.js"], 0x1f7f0fa0 /* 97 vars */) = -1 ENOENT (No such file or directory)
21115 1742127032.362615 execve("/home/akira/.krew/bin/sh", ["sh", "-c", "node install.js"], 0x1f7f0fa0 /* 97 vars */) = -1 ENOENT (No such file or directory)
21115 1742127032.362787 execve("/home/akira/.pyenv/bin/sh", ["sh", "-c", "node install.js"], 0x1f7f0fa0 /* 97 vars */) = -1 ENOENT (No such file or directory)
21115 1742127032.363072 execve("/home/akira/.go/bin/sh", ["sh", "-c", "node install.js"], 0x1f7f0fa0 /* 97 vars */) = -1 ENOENT (No such file or directory)
21115 1742127032.363285 execve("/home/akira/.fzf/bin/sh", ["sh", "-c", "node install.js"], 0x1f7f0fa0 /* 97 vars */) = -1 ENOENT (No such file or directory)
21115 1742127032.363458 execve("/home/akira/.gem/ruby/2.7.0/bin/sh", ["sh", "-c", "node install.js"], 0x1f7f0fa0 /* 97 vars */) = -1 ENOENT (No such file or directory)
21115 1742127032.363657 execve("/home/akira/.cargo/bin/sh", ["sh", "-c", "node install.js"], 0x1f7f0fa0 /* 97 vars */) = -1 ENOENT (No such file or directory)
21115 1742127032.363842 execve("/home/akira/tools/sh", ["sh", "-c", "node install.js"], 0x1f7f0fa0 /* 97 vars */) = -1 ENOENT (No such file or directory)
21115 1742127032.364034 execve("/home/akira/public-tools/sh", ["sh", "-c", "node install.js"], 0x1f7f0fa0 /* 97 vars */) = -1 ENOENT (No such file or directory)
21115 1742127032.364199 execve("/home/akira/.local/sbin/sh", ["sh", "-c", "node install.js"], 0x1f7f0fa0 /* 97 vars */) = -1 ENOENT (No such file or directory)
21115 1742127032.364350 execve("/home/akira/.local/bin/sh", ["sh", "-c", "node install.js"], 0x1f7f0fa0 /* 97 vars */) = -1 ENOENT (No such file or directory)
21115 1742127032.364492 execve("/home/akira/.cabal/bin/sh", ["sh", "-c", "node install.js"], 0x1f7f0fa0 /* 97 vars */) = -1 ENOENT (No such file or directory)
21115 1742127032.364631 execve("/var/lib/snapd/snap/bin/sh", ["sh", "-c", "node install.js"], 0x1f7f0fa0 /* 97 vars */) = -1 ENOENT (No such file or directory)
21115 1742127032.364776 execve("/home/akira/.nvm/versions/node/v18.16.0/bin/sh", ["sh", "-c", "node install.js"], 0x1f7f0fa0 /* 97 vars */) = -1 ENOENT (No such file or directory)
21115 1742127032.365058 execve("/usr/local/sbin/sh", ["sh", "-c", "node install.js"], 0x1f7f0fa0 /* 97 vars */) = -1 ENOENT (No such file or directory)
21115 1742127032.365207 execve("/usr/local/bin/sh", ["sh", "-c", "node install.js"], 0x1f7f0fa0 /* 97 vars */) = -1 ENOENT (No such file or directory)
21115 1742127032.365346 execve("/usr/sbin/sh", ["sh", "-c", "node install.js"], 0x1f7f0fa0 /* 97 vars */) = -1 ENOENT (No such file or directory)
21115 1742127032.365484 execve("/usr/bin/sh", ["sh", "-c", "node install.js"], 0x1f7f0fa0 /* 97 vars */) = 0
21118 1742127032.376049 execve("/home/akira/.nvm/versions/node/v18.16.0/bin/node", ["node", "install.js"], 0x559471618728 /* 97 vars */) = 0
21125 1742127032.453247 execve("/home/akira/ghq/github.com/akawashiro/straceprof/straceprof-js/node_modules/esbuild/bin/esbuild", ["/home/akira/ghq/github.com/akawashiro/straceprof/straceprof-js/node_modules/esbuild/bin/esbuild", "--version"], 0x1a5633f0 /* 97 vars */) = 0
21125 1742127032.465240 exit_group(0)   = ?
21129 1742127032.465426 +++ exited with 0 +++
21128 1742127032.465440 +++ exited with 0 +++
21127 1742127032.465447 +++ exited with 0 +++
21126 1742127032.465454 +++ exited with 0 +++
21125 1742127032.465674 +++ exited with 0 +++
21118 1742127032.465735 --- SIGCHLD {si_signo=SIGCHLD, si_code=CLD_EXITED, si_pid=21125, si_uid=1000, si_status=0, si_utime=0, si_stime=0} ---
21122 1742127032.476981 exit(0 <unfinished ...>
21123 1742127032.477088 exit(0 <unfinished ...>
21122 1742127032.477116 <... exit resumed>) = ?
21121 1742127032.477138 exit(0 <unfinished ...>
21123 1742127032.477186 <... exit resumed>) = ?
21122 1742127032.477208 +++ exited with 0 +++
21121 1742127032.477218 <... exit resumed>) = ?
21123 1742127032.477266 +++ exited with 0 +++
21121 1742127032.477277 +++ exited with 0 +++
21120 1742127032.477356 exit(0)         = ?
21120 1742127032.477432 +++ exited with 0 +++
21119 1742127032.477705 exit(0)         = ?
21119 1742127032.477850 +++ exited with 0 +++
21118 1742127032.480090 exit_group(0)   = ?
21124 1742127032.480256 +++ exited with 0 +++
21118 1742127032.481764 +++ exited with 0 +++
21115 1742127032.481837 --- SIGCHLD {si_signo=SIGCHLD, si_code=CLD_EXITED, si_pid=21118, si_uid=1000, si_status=0, si_utime=2, si_stime=5} ---
21115 1742127032.482060 exit_group(0)   = ?
21115 1742127032.482269 +++ exited with 0 +++
20055 1742127032.482300 --- SIGCHLD {si_signo=SIGCHLD, si_code=CLD_EXITED, si_pid=21115, si_uid=1000, si_status=0, si_utime=0, si_stime=1} ---
20240 1742127032.611622 exit(0)         = ?
20240 1742127032.611845 +++ exited with 0 +++
20243 1742127032.611929 exit(0 <unfinished ...>
20241 1742127032.611973 exit(0 <unfinished ...>
20243 1742127032.612001 <... exit resumed>) = ?
20242 1742127032.612023 exit(0 <unfinished ...>
20243 1742127032.612047 +++ exited with 0 +++
20241 1742127032.612057 <... exit resumed>) = ?
20242 1742127032.612078 <... exit resumed>) = ?
20241 1742127032.612103 +++ exited with 0 +++
20242 1742127032.612137 +++ exited with 0 +++
20060 1742127032.612692 exit(0)         = ?
20060 1742127032.612815 +++ exited with 0 +++
20059 1742127032.612841 exit(0)         = ?
20059 1742127032.612920 +++ exited with 0 +++
20058 1742127032.612933 exit(0)         = ?
20058 1742127032.612998 +++ exited with 0 +++
20057 1742127032.613010 exit(0)         = ?
20057 1742127032.613115 +++ exited with 0 +++
20056 1742127032.613432 exit(0)         = ?
20056 1742127032.613630 +++ exited with 0 +++
20055 1742127032.617244 exit_group(0)   = ?
20061 1742127032.633331 +++ exited with 0 +++
20055 1742127032.633397 +++ exited with 0 +++
